<?xml version="1.0" encoding="UTF-8"?>
<coverage generated="1613147308">
  <project timestamp="1613147308">
    <file name="/Users/Dion/www/sexy-field/sexy-field-doctrine/src/DependencyInjection/SectionFieldDoctrineExtension.php">
      <class name="Tardigrades\DependencyInjection\SectionFieldDoctrineExtension" namespace="global">
        <metrics complexity="1" methods="1" coveredmethods="0" conditionals="0" coveredconditionals="0" statements="2" coveredstatements="0" elements="3" coveredelements="0"/>
      </class>
      <line num="23" type="method" name="load" visibility="public" complexity="1" crap="2" count="0"/>
      <line num="25" type="stmt" count="0"/>
      <line num="31" type="stmt" count="0"/>
      <metrics loc="33" ncloc="25" classes="1" methods="1" coveredmethods="0" conditionals="0" coveredconditionals="0" statements="2" coveredstatements="0" elements="3" coveredelements="0"/>
    </file>
    <file name="/Users/Dion/www/sexy-field/sexy-field-doctrine/src/FieldType/Generator/DoctrineFieldGenerator.php">
      <class name="Tardigrades\FieldType\Generator\DoctrineFieldGenerator" namespace="global">
        <metrics complexity="7" methods="1" coveredmethods="0" conditionals="0" coveredconditionals="0" statements="22" coveredstatements="20" elements="23" coveredelements="20"/>
      </class>
      <line num="28" type="method" name="generate" visibility="public" complexity="7" crap="7.04" count="6"/>
      <line num="30" type="stmt" count="6"/>
      <line num="31" type="stmt" count="0"/>
      <line num="32" type="stmt" count="6"/>
      <line num="35" type="stmt" count="6"/>
      <line num="36" type="stmt" count="6"/>
      <line num="37" type="stmt" count="6"/>
      <line num="41" type="stmt" count="6"/>
      <line num="44" type="stmt" count="6"/>
      <line num="45" type="stmt" count="0"/>
      <line num="48" type="stmt" count="6"/>
      <line num="50" type="stmt" count="6"/>
      <line num="51" type="stmt" count="3"/>
      <line num="57" type="stmt" count="6"/>
      <line num="58" type="stmt" count="1"/>
      <line num="61" type="stmt" count="1"/>
      <line num="62" type="stmt" count="1"/>
      <line num="64" type="stmt" count="5"/>
      <line num="68" type="stmt" count="6"/>
      <line num="69" type="stmt" count="6"/>
      <line num="70" type="stmt" count="6"/>
      <line num="71" type="stmt" count="6"/>
      <line num="77" type="stmt" count="6"/>
      <metrics loc="79" ncloc="67" classes="1" methods="1" coveredmethods="0" conditionals="0" coveredconditionals="0" statements="22" coveredstatements="20" elements="23" coveredelements="20"/>
    </file>
    <file name="/Users/Dion/www/sexy-field/sexy-field-doctrine/src/FieldType/Relationship/Generator/DoctrineManyToManyGenerator.php">
      <class name="Tardigrades\FieldType\Relationship\Generator\DoctrineManyToManyGenerator" namespace="global">
        <metrics complexity="8" methods="1" coveredmethods="0" conditionals="0" coveredconditionals="0" statements="37" coveredstatements="36" elements="38" coveredelements="36"/>
      </class>
      <line num="32" type="method" name="generate" visibility="public" complexity="8" crap="8" count="7"/>
      <line num="34" type="stmt" count="7"/>
      <line num="36" type="stmt" count="7"/>
      <line num="39" type="stmt" count="7"/>
      <line num="42" type="stmt" count="7"/>
      <line num="44" type="stmt" count="7"/>
      <line num="45" type="stmt" count="6"/>
      <line num="47" type="stmt" count="6"/>
      <line num="50" type="stmt" count="6"/>
      <line num="52" type="stmt" count="6"/>
      <line num="53" type="stmt" count="6"/>
      <line num="55" type="stmt" count="6"/>
      <line num="56" type="stmt" count="6"/>
      <line num="57" type="stmt" count="2"/>
      <line num="60" type="stmt" count="6"/>
      <line num="61" type="stmt" count="6"/>
      <line num="62" type="stmt" count="2"/>
      <line num="65" type="stmt" count="6"/>
      <line num="66" type="stmt" count="6"/>
      <line num="67" type="stmt" count="0"/>
      <line num="68" type="stmt" count="6"/>
      <line num="70" type="stmt" count="6"/>
      <line num="71" type="stmt" count="6"/>
      <line num="72" type="stmt" count="6"/>
      <line num="73" type="stmt" count="6"/>
      <line num="74" type="stmt" count="6"/>
      <line num="76" type="stmt" count="6"/>
      <line num="77" type="stmt" count="6"/>
      <line num="78" type="stmt" count="6"/>
      <line num="79" type="stmt" count="6"/>
      <line num="80" type="stmt" count="6"/>
      <line num="81" type="stmt" count="6"/>
      <line num="83" type="stmt" count="6"/>
      <line num="84" type="stmt" count="6"/>
      <line num="85" type="stmt" count="6"/>
      <line num="86" type="stmt" count="6"/>
      <line num="87" type="stmt" count="6"/>
      <line num="93" type="stmt" count="1"/>
      <metrics loc="95" ncloc="83" classes="1" methods="1" coveredmethods="0" conditionals="0" coveredconditionals="0" statements="37" coveredstatements="36" elements="38" coveredelements="36"/>
    </file>
    <file name="/Users/Dion/www/sexy-field/sexy-field-doctrine/src/FieldType/Relationship/Generator/DoctrineManyToOneGenerator.php">
      <class name="Tardigrades\FieldType\Relationship\Generator\DoctrineManyToOneGenerator" namespace="global">
        <metrics complexity="9" methods="1" coveredmethods="0" conditionals="0" coveredconditionals="0" statements="31" coveredstatements="29" elements="32" coveredelements="29"/>
      </class>
      <line num="32" type="method" name="generate" visibility="public" complexity="9" crap="9.02" count="5"/>
      <line num="34" type="stmt" count="5"/>
      <line num="37" type="stmt" count="5"/>
      <line num="40" type="stmt" count="5"/>
      <line num="42" type="stmt" count="5"/>
      <line num="43" type="stmt" count="5"/>
      <line num="44" type="stmt" count="2"/>
      <line num="47" type="stmt" count="5"/>
      <line num="48" type="stmt" count="5"/>
      <line num="49" type="stmt" count="2"/>
      <line num="52" type="stmt" count="5"/>
      <line num="54" type="stmt" count="4"/>
      <line num="56" type="stmt" count="4"/>
      <line num="57" type="stmt" count="4"/>
      <line num="60" type="stmt" count="4"/>
      <line num="61" type="stmt" count="4"/>
      <line num="63" type="stmt" count="4"/>
      <line num="64" type="stmt" count="4"/>
      <line num="66" type="stmt" count="4"/>
      <line num="67" type="stmt" count="0"/>
      <line num="69" type="stmt" count="4"/>
      <line num="72" type="stmt" count="4"/>
      <line num="73" type="stmt" count="0"/>
      <line num="74" type="stmt" count="4"/>
      <line num="76" type="stmt" count="4"/>
      <line num="77" type="stmt" count="4"/>
      <line num="78" type="stmt" count="4"/>
      <line num="79" type="stmt" count="4"/>
      <line num="80" type="stmt" count="4"/>
      <line num="81" type="stmt" count="4"/>
      <line num="82" type="stmt" count="4"/>
      <line num="88" type="stmt" count="1"/>
      <metrics loc="90" ncloc="79" classes="1" methods="1" coveredmethods="0" conditionals="0" coveredconditionals="0" statements="31" coveredstatements="29" elements="32" coveredelements="29"/>
    </file>
    <file name="/Users/Dion/www/sexy-field/sexy-field-doctrine/src/FieldType/Relationship/Generator/DoctrineOneToManyGenerator.php">
      <class name="Tardigrades\FieldType\Relationship\Generator\DoctrineOneToManyGenerator" namespace="global">
        <metrics complexity="5" methods="1" coveredmethods="0" conditionals="0" coveredconditionals="0" statements="22" coveredstatements="21" elements="23" coveredelements="21"/>
      </class>
      <line num="32" type="method" name="generate" visibility="public" complexity="5" crap="5" count="3"/>
      <line num="34" type="stmt" count="3"/>
      <line num="37" type="stmt" count="3"/>
      <line num="40" type="stmt" count="3"/>
      <line num="42" type="stmt" count="3"/>
      <line num="43" type="stmt" count="2"/>
      <line num="44" type="stmt" count="2"/>
      <line num="47" type="stmt" count="2"/>
      <line num="48" type="stmt" count="2"/>
      <line num="50" type="stmt" count="2"/>
      <line num="51" type="stmt" count="2"/>
      <line num="53" type="stmt" count="2"/>
      <line num="55" type="stmt" count="2"/>
      <line num="56" type="stmt" count="2"/>
      <line num="57" type="stmt" count="0"/>
      <line num="58" type="stmt" count="2"/>
      <line num="60" type="stmt" count="2"/>
      <line num="61" type="stmt" count="2"/>
      <line num="62" type="stmt" count="2"/>
      <line num="63" type="stmt" count="2"/>
      <line num="64" type="stmt" count="2"/>
      <line num="65" type="stmt" count="2"/>
      <line num="71" type="stmt" count="1"/>
      <metrics loc="73" ncloc="61" classes="1" methods="1" coveredmethods="0" conditionals="0" coveredconditionals="0" statements="22" coveredstatements="21" elements="23" coveredelements="21"/>
    </file>
    <file name="/Users/Dion/www/sexy-field/sexy-field-doctrine/src/FieldType/Relationship/Generator/DoctrineOneToOneGenerator.php">
      <class name="Tardigrades\FieldType\Relationship\Generator\DoctrineOneToOneGenerator" namespace="global">
        <metrics complexity="8" methods="1" coveredmethods="0" conditionals="0" coveredconditionals="0" statements="17" coveredstatements="0" elements="18" coveredelements="0"/>
      </class>
      <line num="35" type="method" name="generate" visibility="public" complexity="8" crap="72" count="0"/>
      <line num="37" type="stmt" count="0"/>
      <line num="40" type="stmt" count="0"/>
      <line num="43" type="stmt" count="0"/>
      <line num="45" type="stmt" count="0"/>
      <line num="46" type="stmt" count="0"/>
      <line num="47" type="stmt" count="0"/>
      <line num="50" type="stmt" count="0"/>
      <line num="51" type="stmt" count="0"/>
      <line num="52" type="stmt" count="0"/>
      <line num="55" type="stmt" count="0"/>
      <line num="58" type="stmt" count="0"/>
      <line num="61" type="stmt" count="0"/>
      <line num="62" type="stmt" count="0"/>
      <line num="64" type="stmt" count="0"/>
      <line num="65" type="stmt" count="0"/>
      <line num="67" type="stmt" count="0"/>
      <line num="85" type="stmt" count="0"/>
      <metrics loc="87" ncloc="70" classes="1" methods="1" coveredmethods="0" conditionals="0" coveredconditionals="0" statements="17" coveredstatements="0" elements="18" coveredelements="0"/>
    </file>
    <file name="/Users/Dion/www/sexy-field/sexy-field-doctrine/src/SectionField/Generator/DoctrineConfigGenerator.php">
      <class name="Tardigrades\SectionField\Generator\DoctrineConfigGenerator" namespace="global">
        <metrics complexity="18" methods="5" coveredmethods="3" conditionals="0" coveredconditionals="0" statements="59" coveredstatements="57" elements="64" coveredelements="60"/>
      </class>
      <line num="38" type="method" name="generateBySection" visibility="public" complexity="3" crap="3.00" count="3"/>
      <line num="42" type="stmt" count="3"/>
      <line num="43" type="stmt" count="3"/>
      <line num="45" type="stmt" count="3"/>
      <line num="47" type="stmt" count="3"/>
      <line num="48" type="stmt" count="3"/>
      <line num="50" type="stmt" count="3"/>
      <line num="51" type="stmt" count="0"/>
      <line num="54" type="stmt" count="3"/>
      <line num="56" type="stmt" count="3"/>
      <line num="58" type="stmt" count="3"/>
      <line num="60" type="stmt" count="3"/>
      <line num="61" type="stmt" count="3"/>
      <line num="62" type="stmt" count="3"/>
      <line num="63" type="stmt" count="3"/>
      <line num="67" type="method" name="generateElements" visibility="private" complexity="9" crap="9" count="3"/>
      <line num="70" type="stmt" count="3"/>
      <line num="72" type="stmt" count="3"/>
      <line num="73" type="stmt" count="0"/>
      <line num="76" type="stmt" count="3"/>
      <line num="82" type="stmt" count="3"/>
      <line num="83" type="stmt" count="3"/>
      <line num="84" type="stmt" count="1"/>
      <line num="87" type="stmt" count="3"/>
      <line num="88" type="stmt" count="2"/>
      <line num="90" type="stmt" count="1"/>
      <line num="91" type="stmt" count="1"/>
      <line num="93" type="stmt" count="2"/>
      <line num="95" type="stmt" count="2"/>
      <line num="96" type="stmt" count="2"/>
      <line num="98" type="stmt" count="2"/>
      <line num="99" type="stmt" count="2"/>
      <line num="101" type="stmt" count="2"/>
      <line num="102" type="stmt" count="2"/>
      <line num="105" type="stmt" count="2"/>
      <line num="106" type="stmt" count="2"/>
      <line num="107" type="stmt" count="2"/>
      <line num="109" type="stmt" count="1"/>
      <line num="110" type="stmt" count="1"/>
      <line num="111" type="stmt" count="1"/>
      <line num="116" type="stmt" count="3"/>
      <line num="118" type="method" name="initializeTemplates" visibility="private" complexity="1" crap="1" count="3"/>
      <line num="120" type="stmt" count="3"/>
      <line num="127" type="stmt" count="3"/>
      <line num="129" type="method" name="combine" visibility="private" complexity="2" crap="2" count="3"/>
      <line num="131" type="stmt" count="3"/>
      <line num="132" type="stmt" count="3"/>
      <line num="133" type="stmt" count="1"/>
      <line num="135" type="stmt" count="3"/>
      <line num="138" type="method" name="generateXml" visibility="private" complexity="3" crap="3" count="3"/>
      <line num="140" type="stmt" count="3"/>
      <line num="142" type="stmt" count="3"/>
      <line num="143" type="stmt" count="3"/>
      <line num="144" type="stmt" count="3"/>
      <line num="145" type="stmt" count="3"/>
      <line num="150" type="stmt" count="3"/>
      <line num="151" type="stmt" count="3"/>
      <line num="152" type="stmt" count="3"/>
      <line num="156" type="stmt" count="3"/>
      <line num="157" type="stmt" count="3"/>
      <line num="159" type="stmt" count="3"/>
      <line num="160" type="stmt" count="3"/>
      <line num="161" type="stmt" count="3"/>
      <line num="165" type="stmt" count="3"/>
      <metrics loc="167" ncloc="150" classes="1" methods="5" coveredmethods="3" conditionals="0" coveredconditionals="0" statements="59" coveredstatements="57" elements="64" coveredelements="60"/>
    </file>
    <file name="/Users/Dion/www/sexy-field/sexy-field-doctrine/src/SectionField/Generator/IgnoredSectionException.php">
      <class name="Tardigrades\SectionField\Generator\IgnoredSectionException" namespace="global">
        <metrics complexity="1" methods="1" coveredmethods="0" conditionals="0" coveredconditionals="0" statements="1" coveredstatements="0" elements="2" coveredelements="0"/>
      </class>
      <line num="9" type="method" name="__construct" visibility="public" complexity="1" crap="2" count="0"/>
      <line num="11" type="stmt" count="0"/>
      <metrics loc="13" ncloc="13" classes="1" methods="1" coveredmethods="0" conditionals="0" coveredconditionals="0" statements="1" coveredstatements="0" elements="2" coveredelements="0"/>
    </file>
    <file name="/Users/Dion/www/sexy-field/sexy-field-doctrine/src/SectionField/QueryComponents/TransformResults.php">
      <class name="Tardigrades\SectionField\QueryComponents\TransformResults" namespace="global">
        <metrics complexity="11" methods="2" coveredmethods="0" conditionals="0" coveredconditionals="0" statements="24" coveredstatements="0" elements="26" coveredelements="0"/>
      </class>
      <line num="8" type="method" name="intoHierarchy" visibility="public" complexity="2" crap="6" count="0"/>
      <line num="10" type="stmt" count="0"/>
      <line num="11" type="stmt" count="0"/>
      <line num="12" type="stmt" count="0"/>
      <line num="14" type="stmt" count="0"/>
      <line num="48" type="method" name="explodeTree" visibility="private" complexity="9" crap="90" count="0"/>
      <line num="50" type="stmt" count="0"/>
      <line num="51" type="stmt" count="0"/>
      <line num="52" type="stmt" count="0"/>
      <line num="53" type="stmt" count="0"/>
      <line num="54" type="stmt" count="0"/>
      <line num="55" type="stmt" count="0"/>
      <line num="56" type="stmt" count="0"/>
      <line num="57" type="stmt" count="0"/>
      <line num="58" type="stmt" count="0"/>
      <line num="59" type="stmt" count="0"/>
      <line num="60" type="stmt" count="0"/>
      <line num="61" type="stmt" count="0"/>
      <line num="62" type="stmt" count="0"/>
      <line num="63" type="stmt" count="0"/>
      <line num="66" type="stmt" count="0"/>
      <line num="68" type="stmt" count="0"/>
      <line num="69" type="stmt" count="0"/>
      <line num="70" type="stmt" count="0"/>
      <line num="71" type="stmt" count="0"/>
      <line num="74" type="stmt" count="0"/>
      <metrics loc="76" ncloc="44" classes="1" methods="2" coveredmethods="0" conditionals="0" coveredconditionals="0" statements="24" coveredstatements="0" elements="26" coveredelements="0"/>
    </file>
    <file name="/Users/Dion/www/sexy-field/sexy-field-doctrine/src/SectionField/QueryComponents/TransformResultsInterface.php">
      <metrics loc="9" ncloc="9" classes="0" methods="0" coveredmethods="0" conditionals="0" coveredconditionals="0" statements="0" coveredstatements="0" elements="0" coveredelements="0"/>
    </file>
    <file name="/Users/Dion/www/sexy-field/sexy-field-doctrine/src/SectionField/Service/Doctrine.php">
      <class name="Tardigrades\SectionField\Service\Doctrine" namespace="global">
        <metrics complexity="7" methods="2" coveredmethods="0" conditionals="0" coveredconditionals="0" statements="12" coveredstatements="0" elements="14" coveredelements="0"/>
      </class>
      <line num="28" type="method" name="__construct" visibility="public" complexity="1" crap="2" count="0"/>
      <line num="30" type="stmt" count="0"/>
      <line num="31" type="stmt" count="0"/>
      <line num="39" type="method" name="determineEntityManager" visibility="protected" complexity="6" crap="42" count="0"/>
      <line num="41" type="stmt" count="0"/>
      <line num="42" type="stmt" count="0"/>
      <line num="44" type="stmt" count="0"/>
      <line num="45" type="stmt" count="0"/>
      <line num="46" type="stmt" count="0"/>
      <line num="47" type="stmt" count="0"/>
      <line num="48" type="stmt" count="0"/>
      <line num="54" type="stmt" count="0"/>
      <line num="55" type="stmt" count="0"/>
      <line num="57" type="stmt" count="0"/>
      <metrics loc="58" ncloc="42" classes="1" methods="2" coveredmethods="0" conditionals="0" coveredconditionals="0" statements="12" coveredstatements="0" elements="14" coveredelements="0"/>
    </file>
    <file name="/Users/Dion/www/sexy-field/sexy-field-doctrine/src/SectionField/Service/DoctrineSectionCreator.php">
      <class name="Tardigrades\SectionField\Service\DoctrineSectionCreator" namespace="global">
        <metrics complexity="5" methods="4" coveredmethods="4" conditionals="0" coveredconditionals="0" statements="13" coveredstatements="13" elements="17" coveredelements="17"/>
      </class>
      <line num="23" type="method" name="__construct" visibility="public" complexity="1" crap="1" count="1"/>
      <line num="28" type="stmt" count="1"/>
      <line num="29" type="stmt" count="1"/>
      <line num="30" type="stmt" count="1"/>
      <line num="36" type="method" name="save" visibility="public" complexity="1" crap="1" count="1"/>
      <line num="40" type="stmt" count="1"/>
      <line num="42" type="stmt" count="1"/>
      <line num="43" type="stmt" count="1"/>
      <line num="44" type="stmt" count="1"/>
      <line num="50" type="method" name="persist" visibility="public" complexity="1" crap="1" count="1"/>
      <line num="54" type="stmt" count="1"/>
      <line num="56" type="stmt" count="1"/>
      <line num="57" type="stmt" count="1"/>
      <line num="59" type="method" name="flush" visibility="public" complexity="2" crap="2" count="1"/>
      <line num="63" type="stmt" count="1"/>
      <line num="64" type="stmt" count="1"/>
      <line num="66" type="stmt" count="1"/>
      <metrics loc="67" ncloc="48" classes="1" methods="4" coveredmethods="4" conditionals="0" coveredconditionals="0" statements="13" coveredstatements="13" elements="17" coveredelements="17"/>
    </file>
    <file name="/Users/Dion/www/sexy-field/sexy-field-doctrine/src/SectionField/Service/DoctrineSectionDeleter.php">
      <class name="Tardigrades\SectionField\Service\DoctrineSectionDeleter" namespace="global">
        <metrics complexity="6" methods="4" coveredmethods="4" conditionals="0" coveredconditionals="0" statements="17" coveredstatements="17" elements="21" coveredelements="21"/>
      </class>
      <line num="23" type="method" name="__construct" visibility="public" complexity="1" crap="1" count="1"/>
      <line num="27" type="stmt" count="1"/>
      <line num="28" type="stmt" count="1"/>
      <line num="29" type="stmt" count="1"/>
      <line num="36" type="method" name="delete" visibility="public" complexity="2" crap="2" count="2"/>
      <line num="40" type="stmt" count="2"/>
      <line num="41" type="stmt" count="2"/>
      <line num="44" type="stmt" count="2"/>
      <line num="45" type="stmt" count="1"/>
      <line num="46" type="stmt" count="1"/>
      <line num="47" type="stmt" count="1"/>
      <line num="49" type="stmt" count="1"/>
      <line num="56" type="method" name="remove" visibility="public" complexity="1" crap="1" count="1"/>
      <line num="60" type="stmt" count="1"/>
      <line num="61" type="stmt" count="1"/>
      <line num="63" type="stmt" count="1"/>
      <line num="64" type="stmt" count="1"/>
      <line num="66" type="method" name="flush" visibility="public" complexity="2" crap="2" count="1"/>
      <line num="70" type="stmt" count="1"/>
      <line num="71" type="stmt" count="1"/>
      <line num="73" type="stmt" count="1"/>
      <metrics loc="74" ncloc="55" classes="1" methods="4" coveredmethods="4" conditionals="0" coveredconditionals="0" statements="17" coveredstatements="17" elements="21" coveredelements="21"/>
    </file>
    <file name="/Users/Dion/www/sexy-field/sexy-field-doctrine/src/SectionField/Service/DoctrineSectionReader.php">
      <class name="Tardigrades\SectionField\Service\DoctrineSectionReader" namespace="global">
        <metrics complexity="100" methods="22" coveredmethods="9" conditionals="0" coveredconditionals="0" statements="261" coveredstatements="125" elements="283" coveredelements="134"/>
      </class>
      <line num="39" type="method" name="__construct" visibility="public" complexity="1" crap="1" count="1"/>
      <line num="44" type="stmt" count="1"/>
      <line num="45" type="stmt" count="1"/>
      <line num="46" type="stmt" count="1"/>
      <line num="47" type="stmt" count="1"/>
      <line num="56" type="method" name="read" visibility="public" complexity="9" crap="9.89" count="4"/>
      <line num="60" type="stmt" count="4"/>
      <line num="61" type="stmt" count="4"/>
      <line num="62" type="stmt" count="0"/>
      <line num="63" type="stmt" count="0"/>
      <line num="64" type="stmt" count="0"/>
      <line num="66" type="stmt" count="0"/>
      <line num="69" type="stmt" count="4"/>
      <line num="70" type="stmt" count="4"/>
      <line num="72" type="stmt" count="4"/>
      <line num="73" type="stmt" count="4"/>
      <line num="75" type="stmt" count="4"/>
      <line num="76" type="stmt" count="0"/>
      <line num="77" type="stmt" count="0"/>
      <line num="79" type="stmt" count="0"/>
      <line num="83" type="stmt" count="4"/>
      <line num="84" type="stmt" count="4"/>
      <line num="85" type="stmt" count="0"/>
      <line num="86" type="stmt" count="0"/>
      <line num="88" type="stmt" count="4"/>
      <line num="91" type="stmt" count="4"/>
      <line num="92" type="stmt" count="4"/>
      <line num="93" type="stmt" count="4"/>
      <line num="94" type="stmt" count="4"/>
      <line num="98" type="stmt" count="4"/>
      <line num="99" type="stmt" count="4"/>
      <line num="100" type="stmt" count="4"/>
      <line num="103" type="stmt" count="4"/>
      <line num="104" type="stmt" count="4"/>
      <line num="107" type="stmt" count="4"/>
      <line num="108" type="stmt" count="4"/>
      <line num="110" type="stmt" count="4"/>
      <line num="111" type="stmt" count="4"/>
      <line num="114" type="stmt" count="4"/>
      <line num="115" type="stmt" count="4"/>
      <line num="116" type="stmt" count="4"/>
      <line num="119" type="stmt" count="4"/>
      <line num="120" type="stmt" count="4"/>
      <line num="121" type="stmt" count="4"/>
      <line num="124" type="stmt" count="4"/>
      <line num="125" type="stmt" count="4"/>
      <line num="127" type="stmt" count="4"/>
      <line num="128" type="stmt" count="0"/>
      <line num="131" type="stmt" count="4"/>
      <line num="132" type="stmt" count="1"/>
      <line num="135" type="stmt" count="3"/>
      <line num="138" type="method" name="flush" visibility="public" complexity="2" crap="2" count="1"/>
      <line num="142" type="stmt" count="1"/>
      <line num="143" type="stmt" count="1"/>
      <line num="145" type="stmt" count="1"/>
      <line num="157" type="method" name="fetchFieldsContainsMany" visibility="private" complexity="3" crap="12" count="0"/>
      <line num="159" type="stmt" count="0"/>
      <line num="160" type="stmt" count="0"/>
      <line num="161" type="stmt" count="0"/>
      <line num="162" type="stmt" count="0"/>
      <line num="163" type="stmt" count="0"/>
      <line num="167" type="stmt" count="0"/>
      <line num="170" type="method" name="isOneRelationship" visibility="private" complexity="7" crap="15.40" count="2"/>
      <line num="172" type="stmt" count="2"/>
      <line num="173" type="stmt" count="2"/>
      <line num="174" type="stmt" count="2"/>
      <line num="176" type="stmt" count="0"/>
      <line num="177" type="stmt" count="0"/>
      <line num="178" type="stmt" count="0"/>
      <line num="179" type="stmt" count="0"/>
      <line num="180" type="stmt" count="0"/>
      <line num="185" type="stmt" count="2"/>
      <line num="188" type="method" name="isManyRelationship" visibility="private" complexity="7" crap="15.40" count="2"/>
      <line num="190" type="stmt" count="2"/>
      <line num="191" type="stmt" count="2"/>
      <line num="192" type="stmt" count="2"/>
      <line num="194" type="stmt" count="0"/>
      <line num="195" type="stmt" count="0"/>
      <line num="196" type="stmt" count="0"/>
      <line num="197" type="stmt" count="0"/>
      <line num="198" type="stmt" count="0"/>
      <line num="202" type="stmt" count="2"/>
      <line num="205" type="method" name="formatResult" visibility="private" complexity="4" crap="20" count="0"/>
      <line num="207" type="stmt" count="0"/>
      <line num="208" type="stmt" count="0"/>
      <line num="209" type="stmt" count="0"/>
      <line num="210" type="stmt" count="0"/>
      <line num="211" type="stmt" count="0"/>
      <line num="212" type="stmt" count="0"/>
      <line num="213" type="stmt" count="0"/>
      <line num="214" type="stmt" count="0"/>
      <line num="215" type="stmt" count="0"/>
      <line num="217" type="stmt" count="0"/>
      <line num="219" type="stmt" count="0"/>
      <line num="221" type="stmt" count="0"/>
      <line num="224" type="method" name="addSectionToQuery" visibility="private" complexity="1" crap="1" count="4"/>
      <line num="226" type="stmt" count="4"/>
      <line num="227" type="stmt" count="4"/>
      <line num="228" type="stmt" count="4"/>
      <line num="229" type="stmt" count="4"/>
      <line num="231" type="method" name="addIdToQuery" visibility="private" complexity="2" crap="2" count="4"/>
      <line num="233" type="stmt" count="4"/>
      <line num="234" type="stmt" count="1"/>
      <line num="235" type="stmt" count="1"/>
      <line num="236" type="stmt" count="1"/>
      <line num="238" type="stmt" count="4"/>
      <line num="240" type="method" name="addSlugToQuery" visibility="private" complexity="3" crap="3" count="4"/>
      <line num="245" type="stmt" count="4"/>
      <line num="246" type="stmt" count="1"/>
      <line num="247" type="stmt" count="1"/>
      <line num="248" type="stmt" count="1"/>
      <line num="250" type="stmt" count="4"/>
      <line num="259" type="method" name="addFieldToQuery" visibility="private" complexity="20" crap="26.66" count="4"/>
      <line num="265" type="stmt" count="4"/>
      <line num="266" type="stmt" count="2"/>
      <line num="267" type="stmt" count="2"/>
      <line num="268" type="stmt" count="2"/>
      <line num="269" type="stmt" count="2"/>
      <line num="270" type="stmt" count="2"/>
      <line num="271" type="stmt" count="1"/>
      <line num="272" type="stmt" count="1"/>
      <line num="274" type="stmt" count="2"/>
      <line num="275" type="stmt" count="1"/>
      <line num="278" type="stmt" count="2"/>
      <line num="279" type="stmt" count="2"/>
      <line num="280" type="stmt" count="2"/>
      <line num="282" type="stmt" count="2"/>
      <line num="283" type="stmt" count="2"/>
      <line num="286" type="stmt" count="2"/>
      <line num="287" type="stmt" count="0"/>
      <line num="291" type="stmt" count="2"/>
      <line num="292" type="stmt" count="0"/>
      <line num="296" type="stmt" count="2"/>
      <line num="298" type="stmt" count="2"/>
      <line num="299" type="stmt" count="1"/>
      <line num="300" type="stmt" count="1"/>
      <line num="301" type="stmt" count="0"/>
      <line num="302" type="stmt" count="0"/>
      <line num="304" type="stmt" count="1"/>
      <line num="305" type="stmt" count="1"/>
      <line num="306" type="stmt" count="1"/>
      <line num="307" type="stmt" count="1"/>
      <line num="308" type="stmt" count="1"/>
      <line num="312" type="stmt" count="0"/>
      <line num="313" type="stmt" count="0"/>
      <line num="314" type="stmt" count="0"/>
      <line num="315" type="stmt" count="0"/>
      <line num="320" type="stmt" count="1"/>
      <line num="321" type="stmt" count="0"/>
      <line num="323" type="stmt" count="1"/>
      <line num="327" type="stmt" count="1"/>
      <line num="328" type="stmt" count="0"/>
      <line num="329" type="stmt" count="0"/>
      <line num="331" type="stmt" count="1"/>
      <line num="332" type="stmt" count="0"/>
      <line num="334" type="stmt" count="1"/>
      <line num="338" type="stmt" count="1"/>
      <line num="339" type="stmt" count="1"/>
      <line num="340" type="stmt" count="1"/>
      <line num="346" type="stmt" count="4"/>
      <line num="348" type="method" name="addJoinOne" visibility="private" complexity="7" crap="56" count="0"/>
      <line num="356" type="stmt" count="0"/>
      <line num="357" type="stmt" count="0"/>
      <line num="359" type="stmt" count="0"/>
      <line num="360" type="stmt" count="0"/>
      <line num="363" type="stmt" count="0"/>
      <line num="364" type="stmt" count="0"/>
      <line num="365" type="stmt" count="0"/>
      <line num="367" type="stmt" count="0"/>
      <line num="371" type="stmt" count="0"/>
      <line num="372" type="stmt" count="0"/>
      <line num="373" type="stmt" count="0"/>
      <line num="374" type="stmt" count="0"/>
      <line num="375" type="stmt" count="0"/>
      <line num="376" type="stmt" count="0"/>
      <line num="377" type="stmt" count="0"/>
      <line num="379" type="stmt" count="0"/>
      <line num="381" type="stmt" count="0"/>
      <line num="384" type="stmt" count="0"/>
      <line num="385" type="stmt" count="0"/>
      <line num="386" type="stmt" count="0"/>
      <line num="387" type="stmt" count="0"/>
      <line num="388" type="stmt" count="0"/>
      <line num="389" type="stmt" count="0"/>
      <line num="392" type="stmt" count="0"/>
      <line num="394" type="stmt" count="0"/>
      <line num="395" type="stmt" count="0"/>
      <line num="396" type="stmt" count="0"/>
      <line num="400" type="stmt" count="0"/>
      <line num="402" type="method" name="addJoinMany" visibility="private" complexity="6" crap="42" count="0"/>
      <line num="410" type="stmt" count="0"/>
      <line num="411" type="stmt" count="0"/>
      <line num="413" type="stmt" count="0"/>
      <line num="414" type="stmt" count="0"/>
      <line num="418" type="stmt" count="0"/>
      <line num="419" type="stmt" count="0"/>
      <line num="420" type="stmt" count="0"/>
      <line num="422" type="stmt" count="0"/>
      <line num="426" type="stmt" count="0"/>
      <line num="427" type="stmt" count="0"/>
      <line num="428" type="stmt" count="0"/>
      <line num="429" type="stmt" count="0"/>
      <line num="430" type="stmt" count="0"/>
      <line num="431" type="stmt" count="0"/>
      <line num="432" type="stmt" count="0"/>
      <line num="434" type="stmt" count="0"/>
      <line num="436" type="stmt" count="0"/>
      <line num="439" type="stmt" count="0"/>
      <line num="440" type="stmt" count="0"/>
      <line num="441" type="stmt" count="0"/>
      <line num="442" type="stmt" count="0"/>
      <line num="443" type="stmt" count="0"/>
      <line num="446" type="stmt" count="0"/>
      <line num="448" type="stmt" count="0"/>
      <line num="449" type="stmt" count="0"/>
      <line num="450" type="stmt" count="0"/>
      <line num="453" type="stmt" count="0"/>
      <line num="455" type="method" name="getRelateHandle" visibility="private" complexity="3" crap="12" count="0"/>
      <line num="457" type="stmt" count="0"/>
      <line num="458" type="stmt" count="0"/>
      <line num="459" type="stmt" count="0"/>
      <line num="460" type="stmt" count="0"/>
      <line num="461" type="stmt" count="0"/>
      <line num="464" type="stmt" count="0"/>
      <line num="467" type="method" name="findSlugfield" visibility="private" complexity="3" crap="12" count="0"/>
      <line num="469" type="stmt" count="0"/>
      <line num="470" type="stmt" count="0"/>
      <line num="471" type="stmt" count="0"/>
      <line num="474" type="stmt" count="0"/>
      <line num="476" type="method" name="addJoinToQuery" visibility="private" complexity="3" crap="6.80" count="4"/>
      <line num="480" type="stmt" count="4"/>
      <line num="481" type="stmt" count="0"/>
      <line num="482" type="stmt" count="0"/>
      <line num="483" type="stmt" count="0"/>
      <line num="484" type="stmt" count="0"/>
      <line num="486" type="stmt" count="0"/>
      <line num="487" type="stmt" count="0"/>
      <line num="491" type="stmt" count="4"/>
      <line num="493" type="method" name="addLimitToQuery" visibility="private" complexity="2" crap="2" count="4"/>
      <line num="495" type="stmt" count="4"/>
      <line num="496" type="stmt" count="1"/>
      <line num="498" type="stmt" count="4"/>
      <line num="500" type="method" name="addOffsetToQuery" visibility="private" complexity="2" crap="2" count="4"/>
      <line num="502" type="stmt" count="4"/>
      <line num="503" type="stmt" count="1"/>
      <line num="505" type="stmt" count="4"/>
      <line num="507" type="method" name="addOrderByToQuery" visibility="private" complexity="4" crap="4.02" count="4"/>
      <line num="509" type="stmt" count="4"/>
      <line num="510" type="stmt" count="1"/>
      <line num="511" type="stmt" count="1"/>
      <line num="512" type="stmt" count="1"/>
      <line num="513" type="stmt" count="0"/>
      <line num="515" type="stmt" count="1"/>
      <line num="516" type="stmt" count="1"/>
      <line num="517" type="stmt" count="1"/>
      <line num="520" type="stmt" count="4"/>
      <line num="522" type="method" name="addBeforeToQuery" visibility="private" complexity="3" crap="3" count="4"/>
      <line num="527" type="stmt" count="4"/>
      <line num="528" type="stmt" count="1"/>
      <line num="529" type="stmt" count="1"/>
      <line num="530" type="stmt" count="1"/>
      <line num="532" type="stmt" count="4"/>
      <line num="534" type="method" name="addAfterToQuery" visibility="private" complexity="3" crap="3" count="4"/>
      <line num="539" type="stmt" count="4"/>
      <line num="540" type="stmt" count="1"/>
      <line num="541" type="stmt" count="1"/>
      <line num="542" type="stmt" count="1"/>
      <line num="544" type="stmt" count="4"/>
      <line num="550" type="method" name="manualQuery" visibility="private" complexity="5" crap="30" count="0"/>
      <line num="552" type="stmt" count="0"/>
      <line num="553" type="stmt" count="0"/>
      <line num="554" type="stmt" count="0"/>
      <line num="556" type="stmt" count="0"/>
      <line num="557" type="stmt" count="0"/>
      <line num="558" type="stmt" count="0"/>
      <line num="561" type="stmt" count="0"/>
      <line num="562" type="stmt" count="0"/>
      <line num="563" type="stmt" count="0"/>
      <line num="565" type="stmt" count="0"/>
      <line num="566" type="stmt" count="0"/>
      <line num="567" type="stmt" count="0"/>
      <line num="569" type="stmt" count="0"/>
      <line num="570" type="stmt" count="0"/>
      <metrics loc="572" ncloc="527" classes="1" methods="22" coveredmethods="9" conditionals="0" coveredconditionals="0" statements="261" coveredstatements="125" elements="283" coveredelements="134"/>
    </file>
    <file name="/Users/Dion/www/sexy-field/sexy-field-doctrine/src/SectionField/Service/FetchFieldsDoctrineSectionReader.php">
      <class name="Tardigrades\SectionField\Service\FetchFieldsDoctrineSectionReader" namespace="global">
        <metrics complexity="42" methods="12" coveredmethods="8" conditionals="0" coveredconditionals="0" statements="121" coveredstatements="106" elements="133" coveredelements="114"/>
      </class>
      <line num="31" type="method" name="__construct" visibility="public" complexity="1" crap="1" count="8"/>
      <line num="33" type="stmt" count="8"/>
      <line num="34" type="stmt" count="8"/>
      <line num="43" type="method" name="read" visibility="public" complexity="2" crap="6" count="0"/>
      <line num="45" type="stmt" count="0"/>
      <line num="46" type="stmt" count="0"/>
      <line num="47" type="stmt" count="0"/>
      <line num="49" type="stmt" count="0"/>
      <line num="52" type="method" name="flush" visibility="public" complexity="2" crap="6" count="0"/>
      <line num="54" type="stmt" count="0"/>
      <line num="55" type="stmt" count="0"/>
      <line num="57" type="stmt" count="0"/>
      <line num="67" type="method" name="readNested" visibility="public" complexity="2" crap="6" count="0"/>
      <line num="69" type="stmt" count="0"/>
      <line num="70" type="stmt" count="0"/>
      <line num="71" type="stmt" count="0"/>
      <line num="73" type="stmt" count="0"/>
      <line num="74" type="stmt" count="0"/>
      <line num="75" type="stmt" count="0"/>
      <line num="88" type="method" name="buildQuery" visibility="public" complexity="20" crap="20" count="7"/>
      <line num="90" type="stmt" count="7"/>
      <line num="91" type="stmt" count="7"/>
      <line num="93" type="stmt" count="7"/>
      <line num="94" type="stmt" count="7"/>
      <line num="96" type="stmt" count="7"/>
      <line num="97" type="stmt" count="6"/>
      <line num="99" type="stmt" count="7"/>
      <line num="100" type="stmt" count="1"/>
      <line num="103" type="stmt" count="7"/>
      <line num="104" type="stmt" count="7"/>
      <line num="105" type="stmt" count="0"/>
      <line num="106" type="stmt" count="7"/>
      <line num="107" type="stmt" count="3"/>
      <line num="108" type="stmt" count="7"/>
      <line num="109" type="stmt" count="0"/>
      <line num="110" type="stmt" count="7"/>
      <line num="111" type="stmt" count="7"/>
      <line num="112" type="stmt" count="7"/>
      <line num="116" type="stmt" count="7"/>
      <line num="117" type="stmt" count="7"/>
      <line num="118" type="stmt" count="1"/>
      <line num="122" type="stmt" count="6"/>
      <line num="123" type="stmt" count="6"/>
      <line num="132" type="stmt" count="6"/>
      <line num="133" type="stmt" count="6"/>
      <line num="134" type="stmt" count="6"/>
      <line num="135" type="stmt" count="6"/>
      <line num="136" type="stmt" count="6"/>
      <line num="137" type="stmt" count="1"/>
      <line num="140" type="stmt" count="6"/>
      <line num="142" type="stmt" count="6"/>
      <line num="143" type="stmt" count="6"/>
      <line num="145" type="stmt" count="6"/>
      <line num="146" type="stmt" count="6"/>
      <line num="148" type="stmt" count="6"/>
      <line num="150" type="stmt" count="2"/>
      <line num="151" type="stmt" count="2"/>
      <line num="153" type="stmt" count="6"/>
      <line num="154" type="stmt" count="6"/>
      <line num="155" type="stmt" count="4"/>
      <line num="157" type="stmt" count="5"/>
      <line num="158" type="stmt" count="4"/>
      <line num="159" type="stmt" count="4"/>
      <line num="160" type="stmt" count="4"/>
      <line num="161" type="stmt" count="4"/>
      <line num="164" type="stmt" count="2"/>
      <line num="165" type="stmt" count="2"/>
      <line num="166" type="stmt" count="2"/>
      <line num="167" type="stmt" count="2"/>
      <line num="169" type="stmt" count="2"/>
      <line num="175" type="stmt" count="5"/>
      <line num="176" type="stmt" count="1"/>
      <line num="179" type="stmt" count="4"/>
      <line num="180" type="stmt" count="4"/>
      <line num="181" type="stmt" count="4"/>
      <line num="182" type="stmt" count="2"/>
      <line num="183" type="stmt" count="2"/>
      <line num="184" type="stmt" count="2"/>
      <line num="186" type="stmt" count="2"/>
      <line num="191" type="stmt" count="1"/>
      <line num="193" type="stmt" count="2"/>
      <line num="194" type="stmt" count="2"/>
      <line num="195" type="stmt" count="2"/>
      <line num="196" type="stmt" count="2"/>
      <line num="197" type="stmt" count="1"/>
      <line num="199" type="stmt" count="1"/>
      <line num="201" type="stmt" count="2"/>
      <line num="202" type="stmt" count="2"/>
      <line num="204" type="stmt" count="4"/>
      <line num="205" type="stmt" count="2"/>
      <line num="208" type="stmt" count="4"/>
      <line num="209" type="stmt" count="1"/>
      <line num="212" type="stmt" count="4"/>
      <line num="213" type="stmt" count="1"/>
      <line num="214" type="stmt" count="1"/>
      <line num="215" type="stmt" count="1"/>
      <line num="218" type="stmt" count="4"/>
      <line num="226" type="method" name="makeNested" visibility="public" complexity="4" crap="4" count="1"/>
      <line num="228" type="stmt" count="1"/>
      <line num="229" type="stmt" count="1"/>
      <line num="230" type="stmt" count="1"/>
      <line num="231" type="stmt" count="1"/>
      <line num="232" type="stmt" count="1"/>
      <line num="233" type="stmt" count="1"/>
      <line num="234" type="stmt" count="1"/>
      <line num="236" type="stmt" count="1"/>
      <line num="238" type="stmt" count="1"/>
      <line num="240" type="stmt" count="1"/>
      <line num="248" type="method" name="hasDuplicates" visibility="private" complexity="3" crap="3" count="6"/>
      <line num="250" type="stmt" count="6"/>
      <line num="251" type="stmt" count="6"/>
      <line num="252" type="stmt" count="6"/>
      <line num="253" type="stmt" count="6"/>
      <line num="254" type="stmt" count="1"/>
      <line num="256" type="stmt" count="6"/>
      <line num="258" type="stmt" count="6"/>
      <line num="266" type="method" name="simplifyClass" visibility="private" complexity="1" crap="1" count="6"/>
      <line num="268" type="stmt" count="6"/>
      <line num="276" type="method" name="implodeEntityPath" visibility="private" complexity="2" crap="2" count="6"/>
      <line num="278" type="stmt" count="6"/>
      <line num="279" type="stmt" count="6"/>
      <line num="280" type="stmt" count="6"/>
      <line num="282" type="stmt" count="6"/>
      <line num="290" type="method" name="findSlug" visibility="private" complexity="3" crap="3" count="4"/>
      <line num="292" type="stmt" count="4"/>
      <line num="293" type="stmt" count="3"/>
      <line num="294" type="stmt" count="3"/>
      <line num="297" type="stmt" count="1"/>
      <line num="308" type="method" name="end" visibility="private" complexity="1" crap="1" count="7"/>
      <line num="310" type="stmt" count="7"/>
      <line num="318" type="method" name="tail" visibility="private" complexity="1" crap="1" count="5"/>
      <line num="320" type="stmt" count="5"/>
      <line num="321" type="stmt" count="5"/>
      <metrics loc="323" ncloc="247" classes="1" methods="12" coveredmethods="8" conditionals="0" coveredconditionals="0" statements="121" coveredstatements="106" elements="133" coveredelements="114"/>
    </file>
    <file name="/Users/Dion/www/sexy-field/sexy-field-doctrine/src/SectionField/Service/FetchFieldsQueryBuilder.php">
      <class name="Tardigrades\SectionField\Service\FetchFieldsQueryBuilder" namespace="global">
        <metrics complexity="34" methods="8" coveredmethods="0" conditionals="0" coveredconditionals="0" statements="83" coveredstatements="0" elements="91" coveredelements="0"/>
      </class>
      <line num="51" type="method" name="__construct" visibility="public" complexity="1" crap="2" count="0"/>
      <line num="53" type="stmt" count="0"/>
      <line num="54" type="stmt" count="0"/>
      <line num="64" type="method" name="getQuery" visibility="public" complexity="1" crap="2" count="0"/>
      <line num="69" type="stmt" count="0"/>
      <line num="80" type="method" name="buildQuery" visibility="private" complexity="2" crap="6" count="0"/>
      <line num="87" type="stmt" count="0"/>
      <line num="88" type="stmt" count="0"/>
      <line num="89" type="stmt" count="0"/>
      <line num="92" type="stmt" count="0"/>
      <line num="95" type="stmt" count="0"/>
      <line num="98" type="stmt" count="0"/>
      <line num="99" type="stmt" count="0"/>
      <line num="100" type="stmt" count="0"/>
      <line num="101" type="stmt" count="0"/>
      <line num="102" type="stmt" count="0"/>
      <line num="103" type="stmt" count="0"/>
      <line num="106" type="stmt" count="0"/>
      <line num="114" type="method" name="makeJoins" visibility="private" complexity="8" crap="72" count="0"/>
      <line num="116" type="stmt" count="0"/>
      <line num="117" type="stmt" count="0"/>
      <line num="119" type="stmt" count="0"/>
      <line num="121" type="stmt" count="0"/>
      <line num="123" type="stmt" count="0"/>
      <line num="124" type="stmt" count="0"/>
      <line num="125" type="stmt" count="0"/>
      <line num="126" type="stmt" count="0"/>
      <line num="127" type="stmt" count="0"/>
      <line num="128" type="stmt" count="0"/>
      <line num="129" type="stmt" count="0"/>
      <line num="130" type="stmt" count="0"/>
      <line num="133" type="stmt" count="0"/>
      <line num="134" type="stmt" count="0"/>
      <line num="138" type="stmt" count="0"/>
      <line num="145" type="method" name="makeSelectProperties" visibility="private" complexity="7" crap="56" count="0"/>
      <line num="147" type="stmt" count="0"/>
      <line num="148" type="stmt" count="0"/>
      <line num="150" type="stmt" count="0"/>
      <line num="152" type="stmt" count="0"/>
      <line num="154" type="stmt" count="0"/>
      <line num="155" type="stmt" count="0"/>
      <line num="156" type="stmt" count="0"/>
      <line num="157" type="stmt" count="0"/>
      <line num="158" type="stmt" count="0"/>
      <line num="159" type="stmt" count="0"/>
      <line num="160" type="stmt" count="0"/>
      <line num="161" type="stmt" count="0"/>
      <line num="164" type="stmt" count="0"/>
      <line num="165" type="stmt" count="0"/>
      <line num="169" type="stmt" count="0"/>
      <line num="176" type="method" name="buildReflections" visibility="private" complexity="9" crap="90" count="0"/>
      <line num="178" type="stmt" count="0"/>
      <line num="179" type="stmt" count="0"/>
      <line num="181" type="stmt" count="0"/>
      <line num="182" type="stmt" count="0"/>
      <line num="183" type="stmt" count="0"/>
      <line num="184" type="stmt" count="0"/>
      <line num="187" type="stmt" count="0"/>
      <line num="188" type="stmt" count="0"/>
      <line num="189" type="stmt" count="0"/>
      <line num="190" type="stmt" count="0"/>
      <line num="191" type="stmt" count="0"/>
      <line num="192" type="stmt" count="0"/>
      <line num="193" type="stmt" count="0"/>
      <line num="194" type="stmt" count="0"/>
      <line num="195" type="stmt" count="0"/>
      <line num="197" type="stmt" count="0"/>
      <line num="199" type="stmt" count="0"/>
      <line num="200" type="stmt" count="0"/>
      <line num="201" type="stmt" count="0"/>
      <line num="203" type="stmt" count="0"/>
      <line num="204" type="stmt" count="0"/>
      <line num="205" type="stmt" count="0"/>
      <line num="206" type="stmt" count="0"/>
      <line num="207" type="stmt" count="0"/>
      <line num="208" type="stmt" count="0"/>
      <line num="209" type="stmt" count="0"/>
      <line num="212" type="stmt" count="0"/>
      <line num="217" type="stmt" count="0"/>
      <line num="221" type="stmt" count="0"/>
      <line num="222" type="stmt" count="0"/>
      <line num="228" type="method" name="selectJoinName" visibility="private" complexity="1" crap="2" count="0"/>
      <line num="230" type="stmt" count="0"/>
      <line num="231" type="stmt" count="0"/>
      <line num="237" type="method" name="stackReflections" visibility="private" complexity="5" crap="30" count="0"/>
      <line num="239" type="stmt" count="0"/>
      <line num="240" type="stmt" count="0"/>
      <line num="241" type="stmt" count="0"/>
      <line num="242" type="stmt" count="0"/>
      <line num="243" type="stmt" count="0"/>
      <line num="248" type="stmt" count="0"/>
      <metrics loc="249" ncloc="186" classes="1" methods="8" coveredmethods="0" conditionals="0" coveredconditionals="0" statements="83" coveredstatements="0" elements="91" coveredelements="0"/>
    </file>
    <file name="/Users/Dion/www/sexy-field/sexy-field-doctrine/src/SectionField/Service/InvalidFetchFieldsQueryException.php">
      <class name="Tardigrades\SectionField\Service\InvalidFetchFieldsQueryException" namespace="global">
        <metrics complexity="0" methods="0" coveredmethods="0" conditionals="0" coveredconditionals="0" statements="0" coveredstatements="0" elements="0" coveredelements="0"/>
      </class>
      <metrics loc="18" ncloc="10" classes="0" methods="0" coveredmethods="0" conditionals="0" coveredconditionals="0" statements="0" coveredstatements="0" elements="0" coveredelements="0"/>
    </file>
    <file name="/Users/Dion/www/sexy-field/sexy-field-doctrine/src/SectionField/Service/NoEntityManagerFoundForSection.php">
      <class name="Tardigrades\SectionField\Service\NoEntityManagerFoundForSection" namespace="global">
        <metrics complexity="1" methods="1" coveredmethods="0" conditionals="0" coveredconditionals="0" statements="1" coveredstatements="0" elements="2" coveredelements="0"/>
      </class>
      <line num="11" type="method" name="__construct" visibility="public" complexity="1" crap="2" count="0"/>
      <line num="13" type="stmt" count="0"/>
      <metrics loc="15" ncloc="15" classes="1" methods="1" coveredmethods="0" conditionals="0" coveredconditionals="0" statements="1" coveredstatements="0" elements="2" coveredelements="0"/>
    </file>
    <metrics files="18" loc="2098" ncloc="1731" classes="16" methods="67" coveredmethods="28" conditionals="0" coveredconditionals="0" statements="723" coveredstatements="424" elements="790" coveredelements="452"/>
  </project>
</coverage>
